<?xml version="1.0" encoding="UTF-8"?>
<testsuite xmlns:xsi="http://www.w3.org/2001/XMLSchema-instance" xsi:noNamespaceSchemaLocation="https://maven.apache.org/surefire/maven-surefire-plugin/xsd/surefire-test-report.xsd" name="ZapatillaTest" time="0.057" tests="4" errors="0" skipped="0" failures="0">
  <properties>
[...]
</properties>
  <testcase name="ZapatillaPrecioTest" classname="ZapatillaTest" time="0.041"/>
  <testcase name="ZapatillaColorTest" classname="ZapatillaTest" time="0.001"/>
  <testcase name="ZapatillaNombreTest" classname="ZapatillaTest" time="0.001"/>
  <testcase name="ZapatillaNumeroTest" classname="ZapatillaTest" time="0.003"/>
</testsuite>